
> @onehumancorp/mono-frontend@0.1.0 dev
> vite


  VITE v6.4.1  ready in 486 ms

  ➜  Local:   http://localhost:5173/
  ➜  Network: use --host to expose
10:07:46 PM [vite] http proxy error: /api/auth/login
AggregateError [ECONNREFUSED]:
    at internalConnectMultiple (node:net:1134:18)
    at afterConnectMultiple (node:net:1715:7)
10:11:10 PM [vite] http proxy error: /api/auth/login
AggregateError [ECONNREFUSED]:
    at internalConnectMultiple (node:net:1134:18)
    at afterConnectMultiple (node:net:1715:7)
10:14:49 PM [vite] http proxy error: /api/auth/login
AggregateError [ECONNREFUSED]:
    at internalConnectMultiple (node:net:1134:18)
    at afterConnectMultiple (node:net:1715:7)
10:15:59 PM [vite] http proxy error: /api/auth/login
AggregateError [ECONNREFUSED]:
    at internalConnectMultiple (node:net:1134:18)
    at afterConnectMultiple (node:net:1715:7)
10:30:07 PM [vite] (client) hmr update /src/App.tsx
