INFO: Invocation ID: 4d41f219-f56d-4eaf-b3fd-edc957481931
INFO: Streaming build results to: https://onehumancorp.buildbuddy.io/invocation/4d41f219-f56d-4eaf-b3fd-edc957481931
INFO: Options provided by the client:
  Inherited 'common' options: --isatty=0 --terminal_columns=80
INFO: Reading rc options for 'run' from /app/.bazelrc:
  Inherited 'build' options: --config=remote --disk_cache=~/.cache/bazel-disk-cache --action_env=CGO_ENABLED=1 --spawn_strategy=sandboxed,local --incompatible_strict_action_env --announce_rc --action_env=GEMINI_API_KEY --action_env=MINIMAX_API_KEY --action_env=MCP_BUNDLE_DIR --action_env=CI
INFO: Found applicable config definition build:remote in file /app/.bazelrc: --remote_download_all --config=buildbuddy-official
INFO: Found applicable config definition common:buildbuddy-official in file /app/.bazelrc: --remote_cache=grpcs://onehumancorp.buildbuddy.io --remote_upload_local_results --remote_timeout=10m --remote_executor=grpcs://onehumancorp.buildbuddy.io --remote_cache_compression --jobs=200 --remote_local_fallback --remote_header=x-buildbuddy-api-key=vGFjlQg7X49NwoQHAfRW
INFO: Found applicable config definition build:buildbuddy-official in file /app/.bazelrc: --bes_results_url=https://onehumancorp.buildbuddy.io/invocation/ --bes_backend=grpcs://onehumancorp.buildbuddy.io
WARNING: --remote_upload_local_results is set, but the remote cache does not support uploading action results or the current account is not authorized to write local results to the remote cache.
INFO: Checking for file changes...
Computing main repo mapping:
Loading:
Loading: 0 packages loaded
Analyzing: target //srcs/cmd/ohc:ohc (0 packages loaded, 0 targets configured)
Analyzing: target //srcs/cmd/ohc:ohc (0 packages loaded, 0 targets configured)

INFO: Analyzed target //srcs/cmd/ohc:ohc (0 packages loaded, 0 targets configured).
[205 / 206] [Prepa] runfiles for //srcs/cmd/ohc:ohc
INFO: Found 1 target...
Target //srcs/cmd/ohc:ohc up-to-date:
  ../../bazel-bin/srcs/cmd/ohc/ohc_/ohc
INFO: Elapsed time: 7.731s, Critical Path: 0.10s
INFO: 5 processes: 5 internal.
INFO: Build completed successfully, 5 total actions
INFO:
INFO: Running command line: ../../bazel-bin/srcs/cmd/ohc/ohc_/ohc
INFO: Streaming build results to: https://onehumancorp.buildbuddy.io/invocation/4d41f219-f56d-4eaf-b3fd-edc957481931
{"time":"2026-03-26T04:47:09.836475128Z","level":"INFO","msg":"serving API","address":":8080"}
{"time":"2026-03-26T04:47:09.841274331Z","level":"INFO","msg":"serving gRPC","address":":9090"}
