Starting local Bazel server (9.0.1) and connecting to it...
INFO: Invocation ID: 76052060-fc7d-4e9b-81fb-d77b7e16ea09
INFO: Streaming build results to: https://onehumancorp.buildbuddy.io/invocation/76052060-fc7d-4e9b-81fb-d77b7e16ea09
INFO: Options provided by the client:
  Inherited 'common' options: --isatty=0 --terminal_columns=80
INFO: Reading rc options for 'run' from /app/.bazelrc:
  Inherited 'build' options: --config=remote --disk_cache=~/.cache/bazel-disk-cache --action_env=CGO_ENABLED=1 --spawn_strategy=sandboxed,local --incompatible_strict_action_env --announce_rc --action_env=GEMINI_API_KEY --action_env=MINIMAX_API_KEY --action_env=MCP_BUNDLE_DIR --action_env=CI
INFO: Found applicable config definition build:remote in file /app/.bazelrc: --remote_download_all --config=buildbuddy-official
INFO: Found applicable config definition common:buildbuddy-official in file /app/.bazelrc: --remote_cache=grpcs://onehumancorp.buildbuddy.io --remote_upload_local_results --remote_timeout=10m --remote_executor=grpcs://onehumancorp.buildbuddy.io --remote_cache_compression --jobs=200 --remote_local_fallback --remote_header=x-buildbuddy-api-key=vGFjlQg7X49NwoQHAfRW
INFO: Found applicable config definition build:buildbuddy-official in file /app/.bazelrc: --bes_results_url=https://onehumancorp.buildbuddy.io/invocation/ --bes_backend=grpcs://onehumancorp.buildbuddy.io
Computing main repo mapping:
WARNING: --remote_upload_local_results is set, but the remote cache does not support uploading action results or the current account is not authorized to write local results to the remote cache.
Loading:
Loading: 0 packages loaded
Analyzing: target //srcs/cmd/ohc:ohc (1 packages loaded)
Analyzing: target //srcs/cmd/ohc:ohc (5 packages loaded, 6 targets configured)
Analyzing: target //srcs/cmd/ohc:ohc (5 packages loaded, 6 targets configured)

Analyzing: target //srcs/cmd/ohc:ohc (43 packages loaded, 8 targets configured)

Analyzing: target //srcs/cmd/ohc:ohc (87 packages loaded, 40 targets configured)

Analyzing: target //srcs/cmd/ohc:ohc (108 packages loaded, 1329 targets configured)

Analyzing: target //srcs/cmd/ohc:ohc (128 packages loaded, 2274 targets configured)

Analyzing: target //srcs/cmd/ohc:ohc (153 packages loaded, 2873 targets configured)

Analyzing: target //srcs/cmd/ohc:ohc (252 packages loaded, 3432 targets configured)

Analyzing: target //srcs/cmd/ohc:ohc (302 packages loaded, 6108 targets configured)

Analyzing: target //srcs/cmd/ohc:ohc (313 packages loaded, 10801 targets configured)

INFO: Analyzed target //srcs/cmd/ohc:ohc (314 packages loaded, 10987 targets configured).
[5 / 191] checking cached actions
INFO: Found 1 target...
Target //srcs/cmd/ohc:ohc up-to-date:
  bazel-bin/srcs/cmd/ohc/ohc_/ohc
INFO: Elapsed time: 20.534s, Critical Path: 2.41s
INFO: 1 process: 190 action cache hit, 1 internal.
INFO: Build completed successfully, 1 total action
INFO:
INFO: Running command line: bazel-bin/srcs/cmd/ohc/ohc_/ohc
INFO: Streaming build results to: https://onehumancorp.buildbuddy.io/invocation/76052060-fc7d-4e9b-81fb-d77b7e16ea09
2026/03/20 06:26:20 serving API on http://:8080
2026/03/20 06:26:20 serving gRPC on :9090
