
> @onehumancorp/mono-frontend@0.1.0 dev
> vite


  VITE v6.4.1  ready in 351 ms

  ➜  Local:   http://localhost:5173/
  ➜  Network: use --host to expose
5:59:08 PM [vite] http proxy error: /api/auth/login
AggregateError [ECONNREFUSED]:
    at internalConnectMultiple (node:net:1134:18)
    at afterConnectMultiple (node:net:1715:7)
6:00:33 PM [vite] http proxy error: /api/auth/login
AggregateError [ECONNREFUSED]:
    at internalConnectMultiple (node:net:1134:18)
    at afterConnectMultiple (node:net:1715:7)
6:00:56 PM [vite] http proxy error: /api/auth/login
AggregateError [ECONNREFUSED]:
    at internalConnectMultiple (node:net:1134:18)
    at afterConnectMultiple (node:net:1715:7)
6:01:38 PM [vite] http proxy error: /api/auth/login
AggregateError [ECONNREFUSED]:
    at internalConnectMultiple (node:net:1134:18)
    at afterConnectMultiple (node:net:1715:7)
